<?xml version="1.0" encoding="UTF-8"?>
<!-- Generated by org.testng.reporters.JUnitReportReporter -->
<testsuite skipped="1" hostname="pc1" name="xls.DATAT" tests="1" failures="0" timestamp="07 Apr 2018 10:50:25 GMT" time="0.000" errors="0">
  <testcase name="hello" time="0.000" classname="xls.DATAT">
    <skipped/>
  </testcase> <!-- hello -->
</testsuite> <!-- xls.DATAT -->
