<?xml version="1.0" encoding="UTF-8"?>
<!-- Generated by org.testng.reporters.JUnitReportReporter -->
<testsuite skipped="0" hostname="pc1" name="xls.datadriven" tests="3" failures="0" timestamp="29 Mar 2018 19:16:14 GMT" time="241.868" errors="0">
  <testcase name="hell" time="111.152" classname="xls.datadriven"/>
  <testcase name="hell" time="79.900" classname="xls.datadriven"/>
  <testcase name="hell" time="50.816" classname="xls.datadriven"/>
</testsuite> <!-- xls.datadriven -->
