<?xml version="1.0" encoding="UTF-8"?>
<!-- Generated by org.testng.reporters.JUnitReportReporter -->
<testsuite skipped="0" hostname="pc1" name="xls.data" tests="1" failures="0" timestamp="07 Apr 2018 09:32:46 GMT" time="0.352" errors="0">
  <testcase name="hello" time="0.352" classname="xls.data"/>
</testsuite> <!-- xls.data -->
